#
# There is insufficient memory for the Java Runtime Environment to continue.
# Native memory allocation (mmap) failed to map 85983232 bytes for committing reserved memory.
# Possible reasons:
#   The system is out of physical RAM or swap space
#   In 32 bit mode, the process size limit was hit
# Possible solutions:
#   Reduce memory load on the system
#   Increase physical memory or swap space
#   Check if swap backing store is full
#   Use 64 bit Java on a 64 bit OS
#   Decrease Java heap size (-Xmx/-Xms)
#   Decrease number of Java threads
#   Decrease Java thread stack sizes (-Xss)
#   Set larger code cache with -XX:ReservedCodeCacheSize=
# This output file may be truncated or incomplete.
#
#  Out of Memory Error (os_linux.cpp:2671), pid=15951, tid=140717972932352
#
# JRE version: Java(TM) SE Runtime Environment (8.0_25-b17) (build 1.8.0_25-b17)
# Java VM: Java HotSpot(TM) 64-Bit Server VM (25.25-b02 mixed mode linux-amd64 compressed oops)
# Failed to write core dump. Core dumps have been disabled. To enable core dumping, try "ulimit -c unlimited" before starting Java again
#

---------------  T H R E A D  ---------------

Current thread (0x00007ffb88073800):  VMThread [stack: 0x00007ffb74ba4000,0x00007ffb74ca5000] [id=15966]

Stack: [0x00007ffb74ba4000,0x00007ffb74ca5000],  sp=0x00007ffb74ca3170,  free space=1020k
Native frames: (J=compiled Java code, j=interpreted, Vv=VM code, C=native code)
V  [libjvm.so+0xa7923a]  VMError::report_and_die()+0x2ca
V  [libjvm.so+0x4e552b]  report_vm_out_of_memory(char const*, int, unsigned long, VMErrorType, char const*)+0x8b
V  [libjvm.so+0x8e5613]  os::Linux::commit_memory_impl(char*, unsigned long, bool)+0x103
V  [libjvm.so+0x8e5b69]  os::pd_commit_memory(char*, unsigned long, unsigned long, bool)+0x29
V  [libjvm.so+0x8df83a]  os::commit_memory(char*, unsigned long, unsigned long, bool)+0x2a
V  [libjvm.so+0x94f923]  PSVirtualSpace::expand_by(unsigned long)+0x53
V  [libjvm.so+0x950d28]  PSYoungGen::resize_generation(unsigned long, unsigned long)+0xf8
V  [libjvm.so+0x94fe82]  PSYoungGen::resize(unsigned long, unsigned long)+0x22
V  [libjvm.so+0x94d163]  PSScavenge::invoke_no_policy()+0xf53
V  [libjvm.so+0x94d8e1]  PSScavenge::invoke()+0x41
V  [libjvm.so+0x907800]  ParallelScavengeHeap::failed_mem_allocate(unsigned long)+0x70
V  [libjvm.so+0xa7a8b7]  VM_ParallelGCFailedAllocation::doit()+0x97
V  [libjvm.so+0xa81fd5]  VM_Operation::evaluate()+0x55
V  [libjvm.so+0xa803aa]  VMThread::evaluate_operation(VM_Operation*)+0xba
V  [libjvm.so+0xa8072e]  VMThread::loop()+0x1ce
V  [libjvm.so+0xa80ba0]  VMThread::run()+0x70
V  [libjvm.so+0x8e7d48]  java_start(Thread*)+0x108

VM_Operation (0x00007ffb8f2f9670): ParallelGCFailedAllocation, mode: safepoint, requested by thread 0x00007ffb8800a000


---------------  P R O C E S S  ---------------

Java Threads: ( => current thread )
  0x00007ffb880b3800 JavaThread "Service Thread" daemon [_thread_blocked, id=15973, stack(0x00007ffb57cfd000,0x00007ffb57dfe000)]
  0x00007ffb880b0800 JavaThread "C1 CompilerThread2" daemon [_thread_blocked, id=15972, stack(0x00007ffb57dfe000,0x00007ffb57eff000)]
  0x00007ffb880af000 JavaThread "C2 CompilerThread1" daemon [_thread_blocked, id=15971, stack(0x00007ffb57eff000,0x00007ffb58000000)]
  0x00007ffb880ac000 JavaThread "C2 CompilerThread0" daemon [_thread_blocked, id=15970, stack(0x00007ffb740be000,0x00007ffb741bf000)]
  0x00007ffb880aa000 JavaThread "Signal Dispatcher" daemon [_thread_blocked, id=15969, stack(0x00007ffb741bf000,0x00007ffb742c0000)]
  0x00007ffb8807c800 JavaThread "Finalizer" daemon [_thread_blocked, id=15968, stack(0x00007ffb749a2000,0x00007ffb74aa3000)]
  0x00007ffb8807a800 JavaThread "Reference Handler" daemon [_thread_blocked, id=15967, stack(0x00007ffb74aa3000,0x00007ffb74ba4000)]
  0x00007ffb8800a000 JavaThread "main" [_thread_blocked, id=15955, stack(0x00007ffb8f1fb000,0x00007ffb8f2fc000)]

Other Threads:
=>0x00007ffb88073800 VMThread [stack: 0x00007ffb74ba4000,0x00007ffb74ca5000] [id=15966]
  0x00007ffb880ba800 WatcherThread [stack: 0x00007ffb57bfc000,0x00007ffb57cfd000] [id=15974]

VM state:at safepoint (normal execution)

VM Mutex/Monitor currently owned by a thread:  ([mutex/lock_event])
[0x00007ffb880063b0] Threads_lock - owner thread: 0x00007ffb88073800
[0x00007ffb880068b0] Heap_lock - owner thread: 0x00007ffb8800a000

Heap:
 PSYoungGen      total 68608K, used 5110K [0x00000000eab00000, 0x00000000ef300000, 0x0000000100000000)
  eden space 63488K, 0% used [0x00000000eab00000,0x00000000eab00000,0x00000000ee900000)
  from space 5120K, 99% used [0x00000000ee900000,0x00000000eedfd8d0,0x00000000eee00000)
  to   space 5120K, 0% used [0x00000000eee00000,0x00000000eee00000,0x00000000ef300000)
 ParOldGen       total 84992K, used 24021K [0x00000000c0000000, 0x00000000c5300000, 0x00000000eab00000)
  object space 84992K, 28% used [0x00000000c0000000,0x00000000c17757b0,0x00000000c5300000)
 Metaspace       used 5941K, capacity 7152K, committed 7296K, reserved 1056768K
  class space    used 552K, capacity 616K, committed 640K, reserved 1048576K

Card table byte_map: [0x00007ffb78dff000,0x00007ffb79000000] byte_map_base: 0x00007ffb787ff000

Marking Bits: (ParMarkBitMap*) 0x00007ffb8e6da2c0
 Begin Bits: [0x00007ffb768a5000, 0x00007ffb778a5000)
 End Bits:   [0x00007ffb778a5000, 0x00007ffb788a5000)

Polling page: 0x00007ffb8f320000

CodeCache: size=245760Kb used=6757Kb max_used=6781Kb free=239002Kb
 bounds [0x00007ffb79000000, 0x00007ffb796b0000, 0x00007ffb88000000]
 total_blobs=1950 nmethods=1691 adapters=174
 compilation: enabled

Compilation events (10 events):
Event: 6.934 Thread 0x00007ffb880b0800 1732       2       com.android.dx.dex.file.ClassDataItem::addStaticField (51 bytes)
Event: 6.934 Thread 0x00007ffb880b0800 nmethod 1732 0x00007ffb79672190 code [0x00007ffb79672380, 0x00007ffb796728e8]
Event: 6.945 Thread 0x00007ffb880b0800 1733       2       java.util.Arrays::copyOf (19 bytes)
Event: 6.946 Thread 0x00007ffb880b0800 nmethod 1733 0x00007ffb79671cd0 code [0x00007ffb79671e40, 0x00007ffb796720a8]
Event: 6.999 Thread 0x00007ffb880ac000 nmethod 1425 0x00007ffb79687390 code [0x00007ffb79687b40, 0x00007ffb7968d320]
Event: 6.999 Thread 0x00007ffb880ac000 1734       4       com.android.dx.ssa.SCCP::simulatePhi (169 bytes)
Event: 7.020 Thread 0x00007ffb880af000 nmethod 1698 0x00007ffb79697790 code [0x00007ffb79697da0, 0x00007ffb7969b9e0]
Event: 7.020 Thread 0x00007ffb880af000 1593       4       com.android.dx.cf.code.Ropper::getAvailableLabel (54 bytes)
Event: 7.026 Thread 0x00007ffb880af000 nmethod 1593 0x00007ffb796713d0 code [0x00007ffb79671560, 0x00007ffb79671958]
Event: 7.026 Thread 0x00007ffb880af000 1607       4       com.android.dx.ssa.SsaMethod::forEachBlockDepthFirst (194 bytes)

GC Heap History (9 events):
Event: 2.587 GC heap before
{Heap before GC invocations=1 (full 0):
 PSYoungGen      total 36864K, used 31744K [0x00000000eab00000, 0x00000000ed400000, 0x0000000100000000)
  eden space 31744K, 100% used [0x00000000eab00000,0x00000000eca00000,0x00000000eca00000)
  from space 5120K, 0% used [0x00000000ecf00000,0x00000000ecf00000,0x00000000ed400000)
  to   space 5120K, 0% used [0x00000000eca00000,0x00000000eca00000,0x00000000ecf00000)
 ParOldGen       total 84992K, used 0K [0x00000000c0000000, 0x00000000c5300000, 0x00000000eab00000)
  object space 84992K, 0% used [0x00000000c0000000,0x00000000c0000000,0x00000000c5300000)
 Metaspace       used 5718K, capacity 6960K, committed 7040K, reserved 1056768K
  class space    used 549K, capacity 616K, committed 640K, reserved 1048576K
Event: 2.613 GC heap after
Heap after GC invocations=1 (full 0):
 PSYoungGen      total 36864K, used 5098K [0x00000000eab00000, 0x00000000ed400000, 0x0000000100000000)
  eden space 31744K, 0% used [0x00000000eab00000,0x00000000eab00000,0x00000000eca00000)
  from space 5120K, 99% used [0x00000000eca00000,0x00000000ecefaab8,0x00000000ecf00000)
  to   space 5120K, 0% used [0x00000000ecf00000,0x00000000ecf00000,0x00000000ed400000)
 ParOldGen       total 84992K, used 1696K [0x00000000c0000000, 0x00000000c5300000, 0x00000000eab00000)
  object space 84992K, 1% used [0x00000000c0000000,0x00000000c01a8278,0x00000000c5300000)
 Metaspace       used 5718K, capacity 6960K, committed 7040K, reserved 1056768K
  class space    used 549K, capacity 616K, committed 640K, reserved 1048576K
}
Event: 3.342 GC heap before
{Heap before GC invocations=2 (full 0):
 PSYoungGen      total 36864K, used 36842K [0x00000000eab00000, 0x00000000ed400000, 0x0000000100000000)
  eden space 31744K, 100% used [0x00000000eab00000,0x00000000eca00000,0x00000000eca00000)
  from space 5120K, 99% used [0x00000000eca00000,0x00000000ecefaab8,0x00000000ecf00000)
  to   space 5120K, 0% used [0x00000000ecf00000,0x00000000ecf00000,0x00000000ed400000)
 ParOldGen       total 84992K, used 1696K [0x00000000c0000000, 0x00000000c5300000, 0x00000000eab00000)
  object space 84992K, 1% used [0x00000000c0000000,0x00000000c01a8278,0x00000000c5300000)
 Metaspace       used 5832K, capacity 7024K, committed 7296K, reserved 1056768K
  class space    used 551K, capacity 616K, committed 640K, reserved 1048576K
Event: 4.106 GC heap after
Heap after GC invocations=2 (full 0):
 PSYoungGen      total 36864K, used 5118K [0x00000000eab00000, 0x00000000ef300000, 0x0000000100000000)
  eden space 31744K, 0% used [0x00000000eab00000,0x00000000eab00000,0x00000000eca00000)
  from space 5120K, 99% used [0x00000000ecf00000,0x00000000ed3ffb68,0x00000000ed400000)
  to   space 5120K, 0% used [0x00000000eca00000,0x00000000eca00000,0x00000000ecf00000)
 ParOldGen       total 84992K, used 4725K [0x00000000c0000000, 0x00000000c5300000, 0x00000000eab00000)
  object space 84992K, 5% used [0x00000000c0000000,0x00000000c049d608,0x00000000c5300000)
 Metaspace       used 5832K, capacity 7024K, committed 7296K, reserved 1056768K
  class space    used 551K, capacity 616K, committed 640K, reserved 1048576K
}
Event: 4.869 GC heap before
{Heap before GC invocations=3 (full 0):
 PSYoungGen      total 36864K, used 36862K [0x00000000eab00000, 0x00000000ef300000, 0x0000000100000000)
  eden space 31744K, 100% used [0x00000000eab00000,0x00000000eca00000,0x00000000eca00000)
  from space 5120K, 99% used [0x00000000ecf00000,0x00000000ed3ffb68,0x00000000ed400000)
  to   space 5120K, 0% used [0x00000000eca00000,0x00000000eca00000,0x00000000ecf00000)
 ParOldGen       total 84992K, used 4725K [0x00000000c0000000, 0x00000000c5300000, 0x00000000eab00000)
  object space 84992K, 5% used [0x00000000c0000000,0x00000000c049d608,0x00000000c5300000)
 Metaspace       used 5884K, capacity 7088K, committed 7296K, reserved 1056768K
  class space    used 551K, capacity 616K, committed 640K, reserved 1048576K
Event: 5.202 GC heap after
Heap after GC invocations=3 (full 0):
 PSYoungGen      total 36864K, used 5092K [0x00000000eab00000, 0x00000000ef300000, 0x0000000100000000)
  eden space 31744K, 0% used [0x00000000eab00000,0x00000000eab00000,0x00000000eca00000)
  from space 5120K, 99% used [0x00000000eca00000,0x00000000ecef9348,0x00000000ecf00000)
  to   space 5120K, 0% used [0x00000000eee00000,0x00000000eee00000,0x00000000ef300000)
 ParOldGen       total 84992K, used 9581K [0x00000000c0000000, 0x00000000c5300000, 0x00000000eab00000)
  object space 84992K, 11% used [0x00000000c0000000,0x00000000c095b570,0x00000000c5300000)
 Metaspace       used 5884K, capacity 7088K, committed 7296K, reserved 1056768K
  class space    used 551K, capacity 616K, committed 640K, reserved 1048576K
}
Event: 5.761 GC heap before
{Heap before GC invocations=4 (full 0):
 PSYoungGen      total 36864K, used 36836K [0x00000000eab00000, 0x00000000ef300000, 0x0000000100000000)
  eden space 31744K, 100% used [0x00000000eab00000,0x00000000eca00000,0x00000000eca00000)
  from space 5120K, 99% used [0x00000000eca00000,0x00000000ecef9348,0x00000000ecf00000)
  to   space 5120K, 0% used [0x00000000eee00000,0x00000000eee00000,0x00000000ef300000)
 ParOldGen       total 84992K, used 9581K [0x00000000c0000000, 0x00000000c5300000, 0x00000000eab00000)
  object space 84992K, 11% used [0x00000000c0000000,0x00000000c095b570,0x00000000c5300000)
 Metaspace       used 5899K, capacity 7088K, committed 7296K, reserved 1056768K
  class space    used 551K, capacity 616K, committed 640K, reserved 1048576K
Event: 5.792 GC heap after
Heap after GC invocations=4 (full 0):
 PSYoungGen      total 68608K, used 5108K [0x00000000eab00000, 0x00000000ef300000, 0x0000000100000000)
  eden space 63488K, 0% used [0x00000000eab00000,0x00000000eab00000,0x00000000ee900000)
  from space 5120K, 99% used [0x00000000eee00000,0x00000000ef2fd338,0x00000000ef300000)
  to   space 5120K, 0% used [0x00000000ee900000,0x00000000ee900000,0x00000000eee00000)
 ParOldGen       total 84992K, used 14626K [0x00000000c0000000, 0x00000000c5300000, 0x00000000eab00000)
  object space 84992K, 17% used [0x00000000c0000000,0x00000000c0e48990,0x00000000c5300000)
 Metaspace       used 5899K, capacity 7088K, committed 7296K, reserved 1056768K
  class space    used 551K, capacity 616K, committed 640K, reserved 1048576K
}
Event: 7.119 GC heap before
{Heap before GC invocations=5 (full 0):
 PSYoungGen      total 68608K, used 68596K [0x00000000eab00000, 0x00000000ef300000, 0x0000000100000000)
  eden space 63488K, 100% used [0x00000000eab00000,0x00000000ee900000,0x00000000ee900000)
  from space 5120K, 99% used [0x00000000eee00000,0x00000000ef2fd338,0x00000000ef300000)
  to   space 5120K, 0% used [0x00000000ee900000,0x00000000ee900000,0x00000000eee00000)
 ParOldGen       total 84992K, used 14626K [0x00000000c0000000, 0x00000000c5300000, 0x00000000eab00000)
  object space 84992K, 17% used [0x00000000c0000000,0x00000000c0e48990,0x00000000c5300000)
 Metaspace       used 5941K, capacity 7152K, committed 7296K, reserved 1056768K
  class space    used 552K, capacity 616K, committed 640K, reserved 1048576K

Deoptimization events (10 events):
Event: 3.305 Thread 0x00007ffb8800a000 Uncommon trap: reason=unreached action=reinterpret pc=0x00007ffb7935f734 method=com.android.dx.rop.code.LocalItem.hashCode()I @ 25
Event: 3.305 Thread 0x00007ffb8800a000 Uncommon trap: reason=unreached action=reinterpret pc=0x00007ffb79319224 method=com.android.dx.rop.code.LocalItem.hashCode()I @ 25
Event: 5.857 Thread 0x00007ffb8800a000 Uncommon trap: reason=unreached action=reinterpret pc=0x00007ffb7940f27c method=com.android.dx.ssa.SsaMethod.updateOneDefinition(Lcom/android/dx/ssa/SsaInsn;Lcom/android/dx/rop/code/RegisterSpec;)V @ 4
Event: 5.904 Thread 0x00007ffb8800a000 Uncommon trap: reason=class_check action=maybe_recompile pc=0x00007ffb794f1dc4 method=java.util.HashMap.putVal(ILjava/lang/Object;Ljava/lang/Object;ZZ)Ljava/lang/Object; @ 203
Event: 5.943 Thread 0x00007ffb8800a000 Uncommon trap: reason=bimorphic action=maybe_recompile pc=0x00007ffb79614318 method=com.android.dx.rop.code.RegisterSpec.withSimpleType()Lcom/android/dx/rop/code/RegisterSpec; @ 21
Event: 5.943 Thread 0x00007ffb8800a000 Uncommon trap: reason=bimorphic action=maybe_recompile pc=0x00007ffb79614318 method=com.android.dx.rop.code.RegisterSpec.withSimpleType()Lcom/android/dx/rop/code/RegisterSpec; @ 21
Event: 5.957 Thread 0x00007ffb8800a000 Uncommon trap: reason=bimorphic action=maybe_recompile pc=0x00007ffb79614318 method=com.android.dx.rop.code.RegisterSpec.withSimpleType()Lcom/android/dx/rop/code/RegisterSpec; @ 21
Event: 5.957 Thread 0x00007ffb8800a000 Uncommon trap: reason=bimorphic action=maybe_recompile pc=0x00007ffb79614318 method=com.android.dx.rop.code.RegisterSpec.withSimpleType()Lcom/android/dx/rop/code/RegisterSpec; @ 21
Event: 6.402 Thread 0x00007ffb8800a000 Uncommon trap: reason=bimorphic action=maybe_recompile pc=0x00007ffb7958999c method=com.android.dx.ssa.LiteralOpUpgrader.tryReplacingWithConstant(Lcom/android/dx/ssa/NormalSsaInsn;)Z @ 62
Event: 6.406 Thread 0x00007ffb8800a000 Uncommon trap: reason=bimorphic action=maybe_recompile pc=0x00007ffb7958999c method=com.android.dx.ssa.LiteralOpUpgrader.tryReplacingWithConstant(Lcom/android/dx/ssa/NormalSsaInsn;)Z @ 62

Internal exceptions (10 events):
Event: 1.940 Thread 0x00007ffb8800a000 Exception <a 'java/security/PrivilegedActionException'> (0x00000000ebdfe308) thrown at [/HUDSON/workspace/8-2-build-linux-amd64/jdk8u25/1514/hotspot/src/share/vm/prims/jvm.cpp, line 1312]
Event: 1.941 Thread 0x00007ffb8800a000 Exception <a 'java/security/PrivilegedActionException'> (0x00000000ebe14558) thrown at [/HUDSON/workspace/8-2-build-linux-amd64/jdk8u25/1514/hotspot/src/share/vm/prims/jvm.cpp, line 1312]
Event: 1.941 Thread 0x00007ffb8800a000 Exception <a 'java/security/PrivilegedActionException'> (0x00000000ebe19ec0) thrown at [/HUDSON/workspace/8-2-build-linux-amd64/jdk8u25/1514/hotspot/src/share/vm/prims/jvm.cpp, line 1312]
Event: 1.941 Thread 0x00007ffb8800a000 Exception <a 'java/security/PrivilegedActionException'> (0x00000000ebe1f518) thrown at [/HUDSON/workspace/8-2-build-linux-amd64/jdk8u25/1514/hotspot/src/share/vm/prims/jvm.cpp, line 1312]
Event: 2.258 Thread 0x00007ffb8800a000 Exception <a 'java/security/PrivilegedActionException'> (0x00000000ec32c1d0) thrown at [/HUDSON/workspace/8-2-build-linux-amd64/jdk8u25/1514/hotspot/src/share/vm/prims/jvm.cpp, line 1312]
Event: 2.693 Thread 0x00007ffb8800a000 Exception <a 'java/security/PrivilegedActionException'> (0x00000000eae9dd10) thrown at [/HUDSON/workspace/8-2-build-linux-amd64/jdk8u25/1514/hotspot/src/share/vm/prims/jvm.cpp, line 1312]
Event: 2.989 Thread 0x00007ffb8800a000 Implicit null exception at 0x00007ffb79388362 to 0x00007ffb79388456
Event: 3.308 Thread 0x00007ffb8800a000 Exception <a 'java/security/PrivilegedActionException'> (0x00000000ec8c8db8) thrown at [/HUDSON/workspace/8-2-build-linux-amd64/jdk8u25/1514/hotspot/src/share/vm/prims/jvm.cpp, line 1312]
Event: 5.665 Thread 0x00007ffb8800a000 Exception <a 'java/security/PrivilegedActionException'> (0x00000000ec2a58e8) thrown at [/HUDSON/workspace/8-2-build-linux-amd64/jdk8u25/1514/hotspot/src/share/vm/prims/jvm.cpp, line 1312]
Event: 5.837 Thread 0x00007ffb8800a000 Exception <a 'java/security/PrivilegedActionException'> (0x00000000eaf792c8) thrown at [/HUDSON/workspace/8-2-build-linux-amd64/jdk8u25/1514/hotspot/src/share/vm/prims/jvm.cpp, line 1312]

Events (10 events):
Event: 5.957 Thread 0x00007ffb8800a000 DEOPT UNPACKING pc=0x00007ffb79004f69 sp=0x00007ffb8f2f9b08 mode 2
Event: 6.295 Thread 0x00007ffb8800a000 DEOPT PACKING pc=0x00007ffb795f745f sp=0x00007ffb8f2fa1d0
Event: 6.295 Thread 0x00007ffb8800a000 DEOPT UNPACKING pc=0x00007ffb79047373 sp=0x00007ffb8f2f9ef0 mode 0
Event: 6.402 Thread 0x00007ffb8800a000 Uncommon trap: trap_request=0xffffffc6 fr.pc=0x00007ffb7958999c
Event: 6.402 Thread 0x00007ffb8800a000 DEOPT PACKING pc=0x00007ffb7958999c sp=0x00007ffb8f2f9ac0
Event: 6.402 Thread 0x00007ffb8800a000 DEOPT UNPACKING pc=0x00007ffb79004f69 sp=0x00007ffb8f2f9aa0 mode 2
Event: 6.406 Thread 0x00007ffb8800a000 Uncommon trap: trap_request=0xffffffc6 fr.pc=0x00007ffb7958999c
Event: 6.406 Thread 0x00007ffb8800a000 DEOPT PACKING pc=0x00007ffb7958999c sp=0x00007ffb8f2f9a10
Event: 6.406 Thread 0x00007ffb8800a000 DEOPT UNPACKING pc=0x00007ffb79004f69 sp=0x00007ffb8f2f99f0 mode 2
Event: 7.113 Executing VM operation: ParallelGCFailedAllocation


Dynamic libraries:
00400000-00401000 r-xp 00000000 08:04 1718972                            /usr/local/java/jdk1.8.0_25/bin/java
00600000-00601000 rw-p 00000000 08:04 1718972                            /usr/local/java/jdk1.8.0_25/bin/java
0161a000-0163b000 rw-p 00000000 00:00 0                                  [heap]
c0000000-c5300000 rw-p 00000000 00:00 0 
c5300000-eab00000 ---p 00000000 00:00 0 
eab00000-ef300000 rw-p 00000000 00:00 0 
f4500000-100000000 ---p 00000000 00:00 0 
100000000-1000a0000 rw-p 00000000 00:00 0 
1000a0000-140000000 ---p 00000000 00:00 0 
7ffb3c000000-7ffb3c021000 rw-p 00000000 00:00 0 
7ffb3c021000-7ffb40000000 ---p 00000000 00:00 0 
7ffb40000000-7ffb40021000 rw-p 00000000 00:00 0 
7ffb40021000-7ffb44000000 ---p 00000000 00:00 0 
7ffb44000000-7ffb44df1000 rw-p 00000000 00:00 0 
7ffb44df1000-7ffb48000000 ---p 00000000 00:00 0 
7ffb48000000-7ffb4869e000 rw-p 00000000 00:00 0 
7ffb4869e000-7ffb4c000000 ---p 00000000 00:00 0 
7ffb4c000000-7ffb4cf9a000 rw-p 00000000 00:00 0 
7ffb4cf9a000-7ffb50000000 ---p 00000000 00:00 0 
7ffb50000000-7ffb50021000 rw-p 00000000 00:00 0 
7ffb50021000-7ffb54000000 ---p 00000000 00:00 0 
7ffb57bfc000-7ffb57bfd000 ---p 00000000 00:00 0 
7ffb57bfd000-7ffb57cfd000 rw-p 00000000 00:00 0                          [stack:15974]
7ffb57cfd000-7ffb57d00000 ---p 00000000 00:00 0 
7ffb57d00000-7ffb57dfe000 rw-p 00000000 00:00 0                          [stack:15973]
7ffb57dfe000-7ffb57e01000 ---p 00000000 00:00 0 
7ffb57e01000-7ffb57eff000 rw-p 00000000 00:00 0                          [stack:15972]
7ffb57eff000-7ffb57f02000 ---p 00000000 00:00 0 
7ffb57f02000-7ffb58000000 rw-p 00000000 00:00 0                          [stack:15971]
7ffb58000000-7ffb58021000 rw-p 00000000 00:00 0 
7ffb58021000-7ffb5c000000 ---p 00000000 00:00 0 
7ffb5c000000-7ffb5c021000 rw-p 00000000 00:00 0 
7ffb5c021000-7ffb60000000 ---p 00000000 00:00 0 
7ffb60000000-7ffb60021000 rw-p 00000000 00:00 0 
7ffb60021000-7ffb64000000 ---p 00000000 00:00 0 
7ffb64000000-7ffb6427c000 rw-p 00000000 00:00 0 
7ffb6427c000-7ffb68000000 ---p 00000000 00:00 0 
7ffb68000000-7ffb68021000 rw-p 00000000 00:00 0 
7ffb68021000-7ffb6c000000 ---p 00000000 00:00 0 
7ffb6c000000-7ffb6c021000 rw-p 00000000 00:00 0 
7ffb6c021000-7ffb70000000 ---p 00000000 00:00 0 
7ffb70000000-7ffb70021000 rw-p 00000000 00:00 0 
7ffb70021000-7ffb74000000 ---p 00000000 00:00 0 
7ffb740be000-7ffb740c1000 ---p 00000000 00:00 0 
7ffb740c1000-7ffb741bf000 rw-p 00000000 00:00 0                          [stack:15970]
7ffb741bf000-7ffb741c2000 ---p 00000000 00:00 0 
7ffb741c2000-7ffb742c0000 rw-p 00000000 00:00 0                          [stack:15969]
7ffb742c0000-7ffb749a2000 r--p 00000000 08:04 1578381                    /usr/lib/locale/locale-archive
7ffb749a2000-7ffb749a5000 ---p 00000000 00:00 0 
7ffb749a5000-7ffb74aa3000 rw-p 00000000 00:00 0                          [stack:15968]
7ffb74aa3000-7ffb74aa6000 ---p 00000000 00:00 0 
7ffb74aa6000-7ffb74ba4000 rw-p 00000000 00:00 0                          [stack:15967]
7ffb74ba4000-7ffb74ba5000 ---p 00000000 00:00 0 
7ffb74ba5000-7ffb75c59000 rw-p 00000000 00:00 0                          [stack:15966]
7ffb75c59000-7ffb75e2f000 r--s 03caa000 08:04 1591543                    /usr/local/java/jdk1.8.0_25/jre/lib/rt.jar
7ffb75e2f000-7ffb76525000 rw-p 00000000 00:00 0 
7ffb76525000-7ffb766a5000 ---p 00000000 00:00 0 
7ffb766a5000-7ffb788a5000 rw-p 00000000 00:00 0 
7ffb788a5000-7ffb788a6000 ---p 00000000 00:00 0 
7ffb788a6000-7ffb789a6000 rw-p 00000000 00:00 0                          [stack:15962]
7ffb789a6000-7ffb789a7000 ---p 00000000 00:00 0 
7ffb789a7000-7ffb78aa7000 rw-p 00000000 00:00 0                          [stack:15961]
7ffb78aa7000-7ffb78aa8000 ---p 00000000 00:00 0 
7ffb78aa8000-7ffb78ba8000 rw-p 00000000 00:00 0                          [stack:15959]
7ffb78ba8000-7ffb78ba9000 ---p 00000000 00:00 0 
7ffb78ba9000-7ffb78cd3000 rw-p 00000000 00:00 0                          [stack:15958]
7ffb78cd3000-7ffb78dff000 ---p 00000000 00:00 0 
7ffb78dff000-7ffb78e29000 rw-p 00000000 00:00 0 
7ffb78e29000-7ffb78f54000 ---p 00000000 00:00 0 
7ffb78f54000-7ffb78f79000 rw-p 00000000 00:00 0 
7ffb78f79000-7ffb78fff000 ---p 00000000 00:00 0 
7ffb78fff000-7ffb79000000 rw-p 00000000 00:00 0 
7ffb79000000-7ffb796b0000 rwxp 00000000 00:00 0 
7ffb796b0000-7ffb88000000 ---p 00000000 00:00 0 
7ffb88000000-7ffb88372000 rw-p 00000000 00:00 0 
7ffb88372000-7ffb8c000000 ---p 00000000 00:00 0 
7ffb8c000000-7ffb8c011000 r--s 000b9000 08:04 4241312                    /home/phuston/AndroidStudioProjects/Kyzr2/app/build/intermediates/exploded-aar/com.android.support/support-v4/22.0.0/classes.jar
7ffb8c011000-7ffb8c020000 r--s 000dd000 08:04 5649722                    /home/phuston/android-sdk-linux/build-tools/21.1.2/lib/dx.jar
7ffb8c020000-7ffb8c03b000 rw-p 00000000 00:00 0 
7ffb8c03b000-7ffb8c3e0000 ---p 00000000 00:00 0 
7ffb8c3e0000-7ffb8c3fa000 r-xp 00000000 08:04 1718857                    /usr/local/java/jdk1.8.0_25/jre/lib/amd64/libzip.so
7ffb8c3fa000-7ffb8c5fa000 ---p 0001a000 08:04 1718857                    /usr/local/java/jdk1.8.0_25/jre/lib/amd64/libzip.so
7ffb8c5fa000-7ffb8c5fb000 rw-p 0001a000 08:04 1718857                    /usr/local/java/jdk1.8.0_25/jre/lib/amd64/libzip.so
7ffb8c5fb000-7ffb8c606000 r-xp 00000000 08:04 1314685                    /lib/x86_64-linux-gnu/libnss_files-2.19.so
7ffb8c606000-7ffb8c805000 ---p 0000b000 08:04 1314685                    /lib/x86_64-linux-gnu/libnss_files-2.19.so
7ffb8c805000-7ffb8c806000 r--p 0000a000 08:04 1314685                    /lib/x86_64-linux-gnu/libnss_files-2.19.so
7ffb8c806000-7ffb8c807000 rw-p 0000b000 08:04 1314685                    /lib/x86_64-linux-gnu/libnss_files-2.19.so
7ffb8c807000-7ffb8c812000 r-xp 00000000 08:04 1314737                    /lib/x86_64-linux-gnu/libnss_nis-2.19.so
7ffb8c812000-7ffb8ca11000 ---p 0000b000 08:04 1314737                    /lib/x86_64-linux-gnu/libnss_nis-2.19.so
7ffb8ca11000-7ffb8ca12000 r--p 0000a000 08:04 1314737                    /lib/x86_64-linux-gnu/libnss_nis-2.19.so
7ffb8ca12000-7ffb8ca13000 rw-p 0000b000 08:04 1314737                    /lib/x86_64-linux-gnu/libnss_nis-2.19.so
7ffb8ca13000-7ffb8ca2a000 r-xp 00000000 08:04 1314707                    /lib/x86_64-linux-gnu/libnsl-2.19.so
7ffb8ca2a000-7ffb8cc29000 ---p 00017000 08:04 1314707                    /lib/x86_64-linux-gnu/libnsl-2.19.so
7ffb8cc29000-7ffb8cc2a000 r--p 00016000 08:04 1314707                    /lib/x86_64-linux-gnu/libnsl-2.19.so
7ffb8cc2a000-7ffb8cc2b000 rw-p 00017000 08:04 1314707                    /lib/x86_64-linux-gnu/libnsl-2.19.so
7ffb8cc2b000-7ffb8cc2d000 rw-p 00000000 00:00 0 
7ffb8cc2d000-7ffb8cc36000 r-xp 00000000 08:04 1314706                    /lib/x86_64-linux-gnu/libnss_compat-2.19.so
7ffb8cc36000-7ffb8ce35000 ---p 00009000 08:04 1314706                    /lib/x86_64-linux-gnu/libnss_compat-2.19.so
7ffb8ce35000-7ffb8ce36000 r--p 00008000 08:04 1314706                    /lib/x86_64-linux-gnu/libnss_compat-2.19.so
7ffb8ce36000-7ffb8ce37000 rw-p 00009000 08:04 1314706                    /lib/x86_64-linux-gnu/libnss_compat-2.19.so
7ffb8ce37000-7ffb8ce61000 r-xp 00000000 08:04 1718836                    /usr/local/java/jdk1.8.0_25/jre/lib/amd64/libjava.so
7ffb8ce61000-7ffb8d061000 ---p 0002a000 08:04 1718836                    /usr/local/java/jdk1.8.0_25/jre/lib/amd64/libjava.so
7ffb8d061000-7ffb8d063000 rw-p 0002a000 08:04 1718836                    /usr/local/java/jdk1.8.0_25/jre/lib/amd64/libjava.so
7ffb8d063000-7ffb8d070000 r-xp 00000000 08:04 1718851                    /usr/local/java/jdk1.8.0_25/jre/lib/amd64/libverify.so
7ffb8d070000-7ffb8d270000 ---p 0000d000 08:04 1718851                    /usr/local/java/jdk1.8.0_25/jre/lib/amd64/libverify.so
7ffb8d270000-7ffb8d272000 rw-p 0000d000 08:04 1718851                    /usr/local/java/jdk1.8.0_25/jre/lib/amd64/libverify.so
7ffb8d272000-7ffb8d279000 r-xp 00000000 08:04 1314730                    /lib/x86_64-linux-gnu/librt-2.19.so
7ffb8d279000-7ffb8d478000 ---p 00007000 08:04 1314730                    /lib/x86_64-linux-gnu/librt-2.19.so
7ffb8d478000-7ffb8d479000 r--p 00006000 08:04 1314730                    /lib/x86_64-linux-gnu/librt-2.19.so
7ffb8d479000-7ffb8d47a000 rw-p 00007000 08:04 1314730                    /lib/x86_64-linux-gnu/librt-2.19.so
7ffb8d47a000-7ffb8d57f000 r-xp 00000000 08:04 1314604                    /lib/x86_64-linux-gnu/libm-2.19.so
7ffb8d57f000-7ffb8d77e000 ---p 00105000 08:04 1314604                    /lib/x86_64-linux-gnu/libm-2.19.so
7ffb8d77e000-7ffb8d77f000 r--p 00104000 08:04 1314604                    /lib/x86_64-linux-gnu/libm-2.19.so
7ffb8d77f000-7ffb8d780000 rw-p 00105000 08:04 1314604                    /lib/x86_64-linux-gnu/libm-2.19.so
7ffb8d780000-7ffb8e3ed000 r-xp 00000000 08:04 1718873                    /usr/local/java/jdk1.8.0_25/jre/lib/amd64/server/libjvm.so
7ffb8e3ed000-7ffb8e5ec000 ---p 00c6d000 08:04 1718873                    /usr/local/java/jdk1.8.0_25/jre/lib/amd64/server/libjvm.so
7ffb8e5ec000-7ffb8e6c2000 rw-p 00c6c000 08:04 1718873                    /usr/local/java/jdk1.8.0_25/jre/lib/amd64/server/libjvm.so
7ffb8e6c2000-7ffb8e705000 rw-p 00000000 00:00 0 
7ffb8e705000-7ffb8e8c0000 r-xp 00000000 08:04 1314720                    /lib/x86_64-linux-gnu/libc-2.19.so
7ffb8e8c0000-7ffb8eabf000 ---p 001bb000 08:04 1314720                    /lib/x86_64-linux-gnu/libc-2.19.so
7ffb8eabf000-7ffb8eac3000 r--p 001ba000 08:04 1314720                    /lib/x86_64-linux-gnu/libc-2.19.so
7ffb8eac3000-7ffb8eac5000 rw-p 001be000 08:04 1314720                    /lib/x86_64-linux-gnu/libc-2.19.so
7ffb8eac5000-7ffb8eaca000 rw-p 00000000 00:00 0 
7ffb8eaca000-7ffb8eacd000 r-xp 00000000 08:04 1314701                    /lib/x86_64-linux-gnu/libdl-2.19.so
7ffb8eacd000-7ffb8eccc000 ---p 00003000 08:04 1314701                    /lib/x86_64-linux-gnu/libdl-2.19.so
7ffb8eccc000-7ffb8eccd000 r--p 00002000 08:04 1314701                    /lib/x86_64-linux-gnu/libdl-2.19.so
7ffb8eccd000-7ffb8ecce000 rw-p 00003000 08:04 1314701                    /lib/x86_64-linux-gnu/libdl-2.19.so
7ffb8ecce000-7ffb8ece3000 r-xp 00000000 08:04 1590777                    /usr/local/java/jdk1.8.0_25/lib/amd64/jli/libjli.so
7ffb8ece3000-7ffb8eee2000 ---p 00015000 08:04 1590777                    /usr/local/java/jdk1.8.0_25/lib/amd64/jli/libjli.so
7ffb8eee2000-7ffb8eee3000 rw-p 00014000 08:04 1590777                    /usr/local/java/jdk1.8.0_25/lib/amd64/jli/libjli.so
7ffb8eee3000-7ffb8eefc000 r-xp 00000000 08:04 1314721                    /lib/x86_64-linux-gnu/libpthread-2.19.so
7ffb8eefc000-7ffb8f0fb000 ---p 00019000 08:04 1314721                    /lib/x86_64-linux-gnu/libpthread-2.19.so
7ffb8f0fb000-7ffb8f0fc000 r--p 00018000 08:04 1314721                    /lib/x86_64-linux-gnu/libpthread-2.19.so
7ffb8f0fc000-7ffb8f0fd000 rw-p 00019000 08:04 1314721                    /lib/x86_64-linux-gnu/libpthread-2.19.so
7ffb8f0fd000-7ffb8f101000 rw-p 00000000 00:00 0 
7ffb8f101000-7ffb8f124000 r-xp 00000000 08:04 1314709                    /lib/x86_64-linux-gnu/ld-2.19.so
7ffb8f129000-7ffb8f1fb000 rw-p 00000000 00:00 0 
7ffb8f1fb000-7ffb8f1fe000 ---p 00000000 00:00 0 
7ffb8f1fe000-7ffb8f300000 rw-p 00000000 00:00 0                          [stack:15955]
7ffb8f302000-7ffb8f317000 rw-p 00000000 00:00 0 
7ffb8f317000-7ffb8f31f000 rw-s 00000000 08:04 407976                     /tmp/hsperfdata_phuston/15951
7ffb8f31f000-7ffb8f320000 rw-p 00000000 00:00 0 
7ffb8f320000-7ffb8f321000 ---p 00000000 00:00 0 
7ffb8f321000-7ffb8f323000 rw-p 00000000 00:00 0 
7ffb8f323000-7ffb8f324000 r--p 00022000 08:04 1314709                    /lib/x86_64-linux-gnu/ld-2.19.so
7ffb8f324000-7ffb8f325000 rw-p 00023000 08:04 1314709                    /lib/x86_64-linux-gnu/ld-2.19.so
7ffb8f325000-7ffb8f326000 rw-p 00000000 00:00 0 
7fff8729a000-7fff872bb000 rw-p 00000000 00:00 0                          [stack]
7fff8733e000-7fff87340000 r-xp 00000000 00:00 0                          [vdso]
ffffffffff600000-ffffffffff601000 r-xp 00000000 00:00 0                  [vsyscall]

VM Arguments:
jvm_args: -Xmx1024M -Dfile.encoding=UTF-8 -Duser.country=US -Duser.language=en -Duser.variant 
java_command: com.android.dx.command.Main --dex --output /home/phuston/AndroidStudioProjects/Kyzr2/app/build/intermediates/pre-dexed/release/classes-acf209384828711131ab1d31a1d4d733b24ce6a3.jar /home/phuston/AndroidStudioProjects/Kyzr2/app/build/intermediates/exploded-aar/com.android.support/support-v4/22.0.0/classes.jar
java_class_path (initial): /home/phuston/android-sdk-linux/build-tools/21.1.2/lib/dx.jar
Launcher Type: SUN_STANDARD

Environment Variables:
JAVA_HOME=/usr/local/java/jdk1.8.0_25
PATH=/home/phuston/anaconda/bin:/usr/local/heroku/bin:/usr/local/sbin:/usr/local/bin:/usr/sbin:/usr/bin:/sbin:/bin:/usr/games:/usr/local/games:/opt/matlab/bin:/home/phuston/bin:/usr/local/java/jdk1.8.0_25/bin
LD_LIBRARY_PATH=./bin:
SHELL=/bin/bash
DISPLAY=:0

Signal Handlers:
SIGSEGV: [libjvm.so+0xa79a80], sa_mask[0]=11111111011111111101111111111110, sa_flags=SA_RESTART|SA_SIGINFO
SIGBUS: [libjvm.so+0xa79a80], sa_mask[0]=11111111011111111101111111111110, sa_flags=SA_RESTART|SA_SIGINFO
SIGFPE: [libjvm.so+0x8e24e0], sa_mask[0]=11111111011111111101111111111110, sa_flags=SA_RESTART|SA_SIGINFO
SIGPIPE: [libjvm.so+0x8e24e0], sa_mask[0]=11111111011111111101111111111110, sa_flags=SA_RESTART|SA_SIGINFO
SIGXFSZ: [libjvm.so+0x8e24e0], sa_mask[0]=11111111011111111101111111111110, sa_flags=SA_RESTART|SA_SIGINFO
SIGILL: [libjvm.so+0x8e24e0], sa_mask[0]=11111111011111111101111111111110, sa_flags=SA_RESTART|SA_SIGINFO
SIGUSR1: SIG_DFL, sa_mask[0]=00000000000000000000000000000000, sa_flags=none
SIGUSR2: [libjvm.so+0x8e3d10], sa_mask[0]=00100000000000000000000000000000, sa_flags=SA_RESTART|SA_SIGINFO
SIGHUP: [libjvm.so+0x8e50d0], sa_mask[0]=11111111011111111101111111111110, sa_flags=SA_RESTART|SA_SIGINFO
SIGINT: [libjvm.so+0x8e50d0], sa_mask[0]=11111111011111111101111111111110, sa_flags=SA_RESTART|SA_SIGINFO
SIGTERM: [libjvm.so+0x8e50d0], sa_mask[0]=11111111011111111101111111111110, sa_flags=SA_RESTART|SA_SIGINFO
SIGQUIT: [libjvm.so+0x8e50d0], sa_mask[0]=11111111011111111101111111111110, sa_flags=SA_RESTART|SA_SIGINFO


---------------  S Y S T E M  ---------------

OS:DISTRIB_ID=Ubuntu
DISTRIB_RELEASE=14.04
DISTRIB_CODENAME=trusty
DISTRIB_DESCRIPTION="Ubuntu 14.04.2 LTS"

uname:Linux 3.13.0-44-generic #73-Ubuntu SMP Tue Dec 16 00:22:43 UTC 2014 x86_64
libc:glibc 2.19 NPTL 2.19 
rlimit: STACK 8192k, CORE 0k, NPROC 62957, NOFILE 4096, AS infinity
load average:17.39 4.81 1.83

/proc/meminfo:
MemTotal:        8080208 kB
MemFree:          105624 kB
Buffers:             228 kB
Cached:           536760 kB
SwapCached:            0 kB
Active:          7233072 kB
Inactive:         531376 kB
Active(anon):    7230232 kB
Inactive(anon):   522116 kB
Active(file):       2840 kB
Inactive(file):     9260 kB
Unevictable:          32 kB
Mlocked:              32 kB
SwapTotal:             0 kB
SwapFree:              0 kB
Dirty:                36 kB
Writeback:             4 kB
AnonPages:       7227780 kB
Mapped:           280048 kB
Shmem:            524600 kB
Slab:              68840 kB
SReclaimable:      31192 kB
SUnreclaim:        37648 kB
KernelStack:        4664 kB
PageTables:        36624 kB
NFS_Unstable:          0 kB
Bounce:                0 kB
WritebackTmp:          0 kB
CommitLimit:     4040104 kB
Committed_AS:    9474008 kB
VmallocTotal:   34359738367 kB
VmallocUsed:      371492 kB
VmallocChunk:   34359336024 kB
HardwareCorrupted:     0 kB
AnonHugePages:   3129344 kB
HugePages_Total:       0
HugePages_Free:        0
HugePages_Rsvd:        0
HugePages_Surp:        0
Hugepagesize:       2048 kB
DirectMap4k:      145104 kB
DirectMap2M:     7098368 kB
DirectMap1G:     1048576 kB


CPU:total 4 (2 cores per cpu, 2 threads per core) family 6 model 60 stepping 3, cmov, cx8, fxsr, mmx, sse, sse2, sse3, ssse3, sse4.1, sse4.2, popcnt, avx, avx2, aes, clmul, erms, rtm, lzcnt, ht, tsc, tscinvbit, bmi1, bmi2

/proc/cpuinfo:
processor	: 0
vendor_id	: GenuineIntel
cpu family	: 6
model		: 60
model name	: Intel(R) Core(TM) i7-4610M CPU @ 3.00GHz
stepping	: 3
microcode	: 0x17
cpu MHz		: 2500.000
cache size	: 4096 KB
physical id	: 0
siblings	: 4
core id		: 0
cpu cores	: 2
apicid		: 0
initial apicid	: 0
fpu		: yes
fpu_exception	: yes
cpuid level	: 13
wp		: yes
flags		: fpu vme de pse tsc msr pae mce cx8 apic sep mtrr pge mca cmov pat pse36 clflush dts acpi mmx fxsr sse sse2 ss ht tm pbe syscall nx pdpe1gb rdtscp lm constant_tsc arch_perfmon pebs bts rep_good nopl xtopology nonstop_tsc aperfmperf eagerfpu pni pclmulqdq dtes64 monitor ds_cpl vmx smx est tm2 ssse3 fma cx16 xtpr pdcm pcid sse4_1 sse4_2 x2apic movbe popcnt tsc_deadline_timer aes xsave avx f16c rdrand lahf_lm abm ida arat epb xsaveopt pln pts dtherm tpr_shadow vnmi flexpriority ept vpid fsgsbase tsc_adjust bmi1 hle avx2 smep bmi2 erms invpcid rtm
bogomips	: 5986.56
clflush size	: 64
cache_alignment	: 64
address sizes	: 39 bits physical, 48 bits virtual
power management:

processor	: 1
vendor_id	: GenuineIntel
cpu family	: 6
model		: 60
model name	: Intel(R) Core(TM) i7-4610M CPU @ 3.00GHz
stepping	: 3
microcode	: 0x17
cpu MHz		: 3001.000
cache size	: 4096 KB
physical id	: 0
siblings	: 4
core id		: 1
cpu cores	: 2
apicid		: 2
initial apicid	: 2
fpu		: yes
fpu_exception	: yes
cpuid level	: 13
wp		: yes
flags		: fpu vme de pse tsc msr pae mce cx8 apic sep mtrr pge mca cmov pat pse36 clflush dts acpi mmx fxsr sse sse2 ss ht tm pbe syscall nx pdpe1gb rdtscp lm constant_tsc arch_perfmon pebs bts rep_good nopl xtopology nonstop_tsc aperfmperf eagerfpu pni pclmulqdq dtes64 monitor ds_cpl vmx smx est tm2 ssse3 fma cx16 xtpr pdcm pcid sse4_1 sse4_2 x2apic movbe popcnt tsc_deadline_timer aes xsave avx f16c rdrand lahf_lm abm ida arat epb xsaveopt pln pts dtherm tpr_shadow vnmi flexpriority ept vpid fsgsbase tsc_adjust bmi1 hle avx2 smep bmi2 erms invpcid rtm
bogomips	: 5986.56
clflush size	: 64
cache_alignment	: 64
address sizes	: 39 bits physical, 48 bits virtual
power management:

processor	: 2
vendor_id	: GenuineIntel
cpu family	: 6
model		: 60
model name	: Intel(R) Core(TM) i7-4610M CPU @ 3.00GHz
stepping	: 3
microcode	: 0x17
cpu MHz		: 3001.000
cache size	: 4096 KB
physical id	: 0
siblings	: 4
core id		: 0
cpu cores	: 2
apicid		: 1
initial apicid	: 1
fpu		: yes
fpu_exception	: yes
cpuid level	: 13
wp		: yes
flags		: fpu vme de pse tsc msr pae mce cx8 apic sep mtrr pge mca cmov pat pse36 clflush dts acpi mmx fxsr sse sse2 ss ht tm pbe syscall nx pdpe1gb rdtscp lm constant_tsc arch_perfmon pebs bts rep_good nopl xtopology nonstop_tsc aperfmperf eagerfpu pni pclmulqdq dtes64 monitor ds_cpl vmx smx est tm2 ssse3 fma cx16 xtpr pdcm pcid sse4_1 sse4_2 x2apic movbe popcnt tsc_deadline_timer aes xsave avx f16c rdrand lahf_lm abm ida arat epb xsaveopt pln pts dtherm tpr_shadow vnmi flexpriority ept vpid fsgsbase tsc_adjust bmi1 hle avx2 smep bmi2 erms invpcid rtm
bogomips	: 5986.56
clflush size	: 64
cache_alignment	: 64
address sizes	: 39 bits physical, 48 bits virtual
power management:

processor	: 3
vendor_id	: GenuineIntel
cpu family	: 6
model		: 60
model name	: Intel(R) Core(TM) i7-4610M CPU @ 3.00GHz
stepping	: 3
microcode	: 0x17
cpu MHz		: 800.000
cache size	: 4096 KB
physical id	: 0
siblings	: 4
core id		: 1
cpu cores	: 2
apicid		: 3
initial apicid	: 3
fpu		: yes
fpu_exception	: yes
cpuid level	: 13
wp		: yes
flags		: fpu vme de pse tsc msr pae mce cx8 apic sep mtrr pge mca cmov pat pse36 clflush dts acpi mmx fxsr sse sse2 ss ht tm pbe syscall nx pdpe1gb rdtscp lm constant_tsc arch_perfmon pebs bts rep_good nopl xtopology nonstop_tsc aperfmperf eagerfpu pni pclmulqdq dtes64 monitor ds_cpl vmx smx est tm2 ssse3 fma cx16 xtpr pdcm pcid sse4_1 sse4_2 x2apic movbe popcnt tsc_deadline_timer aes xsave avx f16c rdrand lahf_lm abm ida arat epb xsaveopt pln pts dtherm tpr_shadow vnmi flexpriority ept vpid fsgsbase tsc_adjust bmi1 hle avx2 smep bmi2 erms invpcid rtm
bogomips	: 5986.56
clflush size	: 64
cache_alignment	: 64
address sizes	: 39 bits physical, 48 bits virtual
power management:



Memory: 4k page, physical 8080208k(106332k free), swap 0k(0k free)

vm_info: Java HotSpot(TM) 64-Bit Server VM (25.25-b02) for linux-amd64 JRE (1.8.0_25-b17), built on Sep 17 2014 17:32:11 by "java_re" with gcc 4.3.0 20080428 (Red Hat 4.3.0-8)

time: Mon May  4 23:29:47 2015
elapsed time: 38 seconds (0d 0h 0m 38s)

